0 info it worked if it ends with ok
1 verbose cli [ '/Users/ThisGuy/.nvm/versions/node/v6.3.1/bin/node',
1 verbose cli   '/Users/ThisGuy/.nvm/versions/node/v6.3.1/bin/npm',
1 verbose cli   'i',
1 verbose cli   'postgres' ]
2 info using npm@3.10.3
3 info using node@v6.3.1
4 silly loadCurrentTree Starting
5 silly install loadCurrentTree
6 silly install readLocalPackageData
7 silly fetchPackageMetaData postgres
8 silly fetchNamedPackageData postgres
9 silly mapToRegistry name postgres
10 silly mapToRegistry using default registry
11 silly mapToRegistry registry https://registry.npmjs.org/
12 silly mapToRegistry data Result {
12 silly mapToRegistry   raw: 'postgres',
12 silly mapToRegistry   scope: null,
12 silly mapToRegistry   escapedName: 'postgres',
12 silly mapToRegistry   name: 'postgres',
12 silly mapToRegistry   rawSpec: '',
12 silly mapToRegistry   spec: 'latest',
12 silly mapToRegistry   type: 'tag' }
13 silly mapToRegistry uri https://registry.npmjs.org/postgres
14 verbose request uri https://registry.npmjs.org/postgres
15 verbose request no auth needed
16 info attempt registry request try #1 at 11:17:51 AM
17 verbose request id e96200a88a747175
18 http request GET https://registry.npmjs.org/postgres
19 http 200 https://registry.npmjs.org/postgres
20 verbose headers { server: 'CouchDB/1.5.0 (Erlang OTP/R16B03)',
20 verbose headers   etag: '"647809U4Q7N40F8W8042QD9KL"',
20 verbose headers   'content-type': 'application/json',
20 verbose headers   'content-encoding': 'gzip',
20 verbose headers   'cache-control': 'max-age=300',
20 verbose headers   'content-length': '435',
20 verbose headers   'accept-ranges': 'bytes',
20 verbose headers   date: 'Mon, 07 Nov 2016 19:17:51 GMT',
20 verbose headers   via: '1.1 varnish',
20 verbose headers   age: '0',
20 verbose headers   connection: 'keep-alive',
20 verbose headers   'x-served-by': 'cache-sea1924-SEA',
20 verbose headers   'x-cache': 'MISS',
20 verbose headers   'x-cache-hits': '0',
20 verbose headers   'x-timer': 'S1478546271.312629,VS0,VE82',
20 verbose headers   vary: 'Accept-Encoding' }
21 silly get cb [ 200,
21 silly get   { server: 'CouchDB/1.5.0 (Erlang OTP/R16B03)',
21 silly get     etag: '"647809U4Q7N40F8W8042QD9KL"',
21 silly get     'content-type': 'application/json',
21 silly get     'content-encoding': 'gzip',
21 silly get     'cache-control': 'max-age=300',
21 silly get     'content-length': '435',
21 silly get     'accept-ranges': 'bytes',
21 silly get     date: 'Mon, 07 Nov 2016 19:17:51 GMT',
21 silly get     via: '1.1 varnish',
21 silly get     age: '0',
21 silly get     connection: 'keep-alive',
21 silly get     'x-served-by': 'cache-sea1924-SEA',
21 silly get     'x-cache': 'MISS',
21 silly get     'x-cache-hits': '0',
21 silly get     'x-timer': 'S1478546271.312629,VS0,VE82',
21 silly get     vary: 'Accept-Encoding' } ]
22 verbose get saving postgres to /Users/ThisGuy/.npm/registry.npmjs.org/postgres/.cache.json
23 verbose correctMkdir /Users/ThisGuy/.npm correctMkdir not in flight; initializing
24 silly install normalizeTree
25 silly loadCurrentTree Finishing
26 silly loadIdealTree Starting
27 silly install loadIdealTree
28 silly cloneCurrentTree Starting
29 silly install cloneCurrentTreeToIdealTree
30 silly cloneCurrentTree Finishing
31 silly loadShrinkwrap Starting
32 silly install loadShrinkwrap
33 silly loadShrinkwrap Finishing
34 silly loadAllDepsIntoIdealTree Starting
35 silly install loadAllDepsIntoIdealTree
36 silly resolveWithNewModule postgres@0.0.1 checking installable status
37 silly cache add args [ 'postgres', null ]
38 verbose cache add spec postgres
39 silly cache add parsed spec Result {
39 silly cache add   raw: 'postgres',
39 silly cache add   scope: null,
39 silly cache add   escapedName: 'postgres',
39 silly cache add   name: 'postgres',
39 silly cache add   rawSpec: '',
39 silly cache add   spec: 'latest',
39 silly cache add   type: 'tag' }
40 silly addNamed postgres@latest
41 verbose addNamed "latest" is being treated as a dist-tag for postgres
42 info addNameTag [ 'postgres', 'latest' ]
43 silly mapToRegistry name postgres
44 silly mapToRegistry using default registry
45 silly mapToRegistry registry https://registry.npmjs.org/
46 silly mapToRegistry data Result {
46 silly mapToRegistry   raw: 'postgres',
46 silly mapToRegistry   scope: null,
46 silly mapToRegistry   escapedName: 'postgres',
46 silly mapToRegistry   name: 'postgres',
46 silly mapToRegistry   rawSpec: '',
46 silly mapToRegistry   spec: 'latest',
46 silly mapToRegistry   type: 'tag' }
47 silly mapToRegistry uri https://registry.npmjs.org/postgres
48 verbose addNameTag registry:https://registry.npmjs.org/postgres not in flight; fetching
49 verbose get https://registry.npmjs.org/postgres not expired, no request
50 silly addNameTag next cb for postgres with tag latest
51 silly addNamed postgres@0.0.1
52 verbose addNamed "0.0.1" is a plain semver version for postgres
53 silly mapToRegistry name postgres
54 silly mapToRegistry using default registry
55 silly mapToRegistry registry https://registry.npmjs.org/
56 silly mapToRegistry data Result {
56 silly mapToRegistry   raw: 'postgres',
56 silly mapToRegistry   scope: null,
56 silly mapToRegistry   escapedName: 'postgres',
56 silly mapToRegistry   name: 'postgres',
56 silly mapToRegistry   rawSpec: '',
56 silly mapToRegistry   spec: 'latest',
56 silly mapToRegistry   type: 'tag' }
57 silly mapToRegistry uri https://registry.npmjs.org/postgres
58 verbose addRemoteTarball https://registry.npmjs.org/postgres/-/postgres-0.0.1.tgz not in flight; adding
59 verbose addRemoteTarball [ 'https://registry.npmjs.org/postgres/-/postgres-0.0.1.tgz',
59 verbose addRemoteTarball   '93aecd0a7fcf620792bcc2c87a2ead432adaa833' ]
60 info retry fetch attempt 1 at 11:17:51 AM
61 info attempt registry request try #1 at 11:17:51 AM
62 http fetch GET https://registry.npmjs.org/postgres/-/postgres-0.0.1.tgz
63 http fetch 200 https://registry.npmjs.org/postgres/-/postgres-0.0.1.tgz
64 silly fetchAndShaCheck shasum 93aecd0a7fcf620792bcc2c87a2ead432adaa833
65 verbose addTmpTarball /var/folders/cp/f6vgr2092qn41ztrbwxkfz780000gn/T/npm-8619-f127d3d2/registry.npmjs.org/postgres/-/postgres-0.0.1.tgz not in flight; adding
66 verbose addTmpTarball already have metadata; skipping unpack for postgres@0.0.1
67 verbose correctMkdir /Users/ThisGuy/.npm correctMkdir not in flight; initializing
68 silly cache afterAdd postgres@0.0.1
69 verbose afterAdd /Users/ThisGuy/.npm/postgres/0.0.1/package/package.json not in flight; writing
70 verbose correctMkdir /Users/ThisGuy/.npm correctMkdir not in flight; initializing
71 verbose afterAdd /Users/ThisGuy/.npm/postgres/0.0.1/package/package.json written
72 silly loadAllDepsIntoIdealTree Finishing
73 silly loadIdealTree Finishing
74 silly currentTree booksngiggles@0.0.0
74 silly currentTree ├── accepts@1.3.3
74 silly currentTree ├── acorn-globals@1.0.9
74 silly currentTree ├── acorn@2.7.0
74 silly currentTree ├── align-text@0.1.4
74 silly currentTree ├── amdefine@1.0.1
74 silly currentTree ├── array-flatten@1.1.1
74 silly currentTree ├── asap@1.0.0
74 silly currentTree ├── async@0.2.10
74 silly currentTree ├── basic-auth@1.0.4
74 silly currentTree ├── body-parser@1.15.2
74 silly currentTree ├── bytes@2.4.0
74 silly currentTree ├── camelcase@1.2.1
74 silly currentTree ├── center-align@0.1.3
74 silly currentTree ├── character-parser@1.2.1
74 silly currentTree ├─┬ clean-css@3.4.20
74 silly currentTree │ └── commander@2.8.1
74 silly currentTree ├─┬ cliui@2.1.0
74 silly currentTree │ └── wordwrap@0.0.2
74 silly currentTree ├── commander@2.6.0
74 silly currentTree ├── constantinople@3.0.2
74 silly currentTree ├── content-disposition@0.5.1
74 silly currentTree ├── content-type@1.0.2
74 silly currentTree ├── cookie-parser@1.4.3
74 silly currentTree ├── cookie-signature@1.0.6
74 silly currentTree ├── cookie@0.3.1
74 silly currentTree ├── css-parse@1.0.4
74 silly currentTree ├── css-stringify@1.0.5
74 silly currentTree ├── css@1.0.8
74 silly currentTree ├── debug@2.2.0
74 silly currentTree ├── decamelize@1.2.0
74 silly currentTree ├── depd@1.1.0
74 silly currentTree ├── destroy@1.0.4
74 silly currentTree ├── doctypes@1.1.0
74 silly currentTree ├── ee-first@1.1.1
74 silly currentTree ├── encodeurl@1.0.1
74 silly currentTree ├── escape-html@1.0.3
74 silly currentTree ├── etag@1.7.0
74 silly currentTree ├── express@4.14.0
74 silly currentTree ├── finalhandler@0.5.0
74 silly currentTree ├── forwarded@0.1.0
74 silly currentTree ├── fresh@0.3.0
74 silly currentTree ├── graceful-readlink@1.0.1
74 silly currentTree ├── http-errors@1.5.0
74 silly currentTree ├── iconv-lite@0.4.13
74 silly currentTree ├── inherits@2.0.1
74 silly currentTree ├── ipaddr.js@1.1.1
74 silly currentTree ├── is-buffer@1.1.4
74 silly currentTree ├─┬ is-expression@3.0.0
74 silly currentTree │ └── acorn@4.0.3
74 silly currentTree ├── is-promise@2.1.0
74 silly currentTree ├── is-regex@1.0.3
74 silly currentTree ├── jade@1.11.0
74 silly currentTree ├── js-stringify@1.0.2
74 silly currentTree ├── jstransformer@0.0.2
74 silly currentTree ├── kind-of@3.0.4
74 silly currentTree ├── lazy-cache@1.0.4
74 silly currentTree ├── longest@1.0.1
74 silly currentTree ├── media-typer@0.3.0
74 silly currentTree ├── merge-descriptors@1.0.1
74 silly currentTree ├── methods@1.1.2
74 silly currentTree ├── mime-db@1.24.0
74 silly currentTree ├── mime-types@2.1.12
74 silly currentTree ├── mime@1.3.4
74 silly currentTree ├── minimist@0.0.8
74 silly currentTree ├── mkdirp@0.5.1
74 silly currentTree ├── morgan@1.7.0
74 silly currentTree ├── ms@0.7.1
74 silly currentTree ├── negotiator@0.6.1
74 silly currentTree ├── object-assign@4.1.0
74 silly currentTree ├── on-finished@2.3.0
74 silly currentTree ├── on-headers@1.0.1
74 silly currentTree ├── optimist@0.3.7
74 silly currentTree ├── parseurl@1.3.1
74 silly currentTree ├── path-to-regexp@0.1.7
74 silly currentTree ├── pgpromise@0.1.1
74 silly currentTree ├── promise@6.1.0
74 silly currentTree ├── proxy-addr@1.1.2
74 silly currentTree ├── pug-attrs@2.0.1
74 silly currentTree ├─┬ pug-code-gen@1.1.0
74 silly currentTree │ ├── acorn-globals@3.0.0
74 silly currentTree │ ├── acorn@3.3.0
74 silly currentTree │ └── with@5.1.1
74 silly currentTree ├── pug-error@1.3.1
74 silly currentTree ├─┬ pug-filters@1.2.4
74 silly currentTree │ ├── asap@2.0.5
74 silly currentTree │ ├── jstransformer@1.0.0
74 silly currentTree │ └── promise@7.1.1
74 silly currentTree ├─┬ pug-lexer@2.3.0
74 silly currentTree │ └── character-parser@2.2.0
74 silly currentTree ├── pug-linker@1.0.1
74 silly currentTree ├── pug-load@2.0.3
74 silly currentTree ├── pug-parser@2.0.1
74 silly currentTree ├── pug-runtime@2.0.2
74 silly currentTree ├── pug-strip-comments@1.0.1
74 silly currentTree ├── pug-walk@1.0.0
74 silly currentTree ├── pug@2.0.0-beta6
74 silly currentTree ├── q@1.0.1
74 silly currentTree ├── qs@6.2.0
74 silly currentTree ├── range-parser@1.2.0
74 silly currentTree ├── raw-body@2.1.7
74 silly currentTree ├── repeat-string@1.6.1
74 silly currentTree ├── resolve@1.1.7
74 silly currentTree ├── right-align@0.1.3
74 silly currentTree ├── send@0.14.1
74 silly currentTree ├── serve-favicon@2.3.0
74 silly currentTree ├── serve-static@1.11.1
74 silly currentTree ├── setprototypeof@1.0.1
74 silly currentTree ├── source-map@0.4.4
74 silly currentTree ├── statuses@1.3.0
74 silly currentTree ├── token-stream@0.0.1
74 silly currentTree ├─┬ transformers@2.1.0
74 silly currentTree │ ├── is-promise@1.0.1
74 silly currentTree │ ├── promise@2.0.0
74 silly currentTree │ ├── source-map@0.1.43
74 silly currentTree │ └── uglify-js@2.2.5
74 silly currentTree ├── type-is@1.6.13
74 silly currentTree ├─┬ uglify-js@2.7.4
74 silly currentTree │ └── source-map@0.5.6
74 silly currentTree ├── uglify-to-browserify@1.0.2
74 silly currentTree ├── unpipe@1.0.0
74 silly currentTree ├── utils-merge@1.0.0
74 silly currentTree ├── vary@1.1.0
74 silly currentTree ├── void-elements@2.0.1
74 silly currentTree ├── window-size@0.1.0
74 silly currentTree ├─┬ with@4.0.3
74 silly currentTree │ └── acorn@1.2.2
74 silly currentTree ├── wordwrap@0.0.3
74 silly currentTree └── yargs@3.10.0
75 silly idealTree booksngiggles@0.0.0
75 silly idealTree ├── accepts@1.3.3
75 silly idealTree ├── acorn-globals@1.0.9
75 silly idealTree ├── acorn@2.7.0
75 silly idealTree ├── align-text@0.1.4
75 silly idealTree ├── amdefine@1.0.1
75 silly idealTree ├── array-flatten@1.1.1
75 silly idealTree ├── asap@1.0.0
75 silly idealTree ├── async@0.2.10
75 silly idealTree ├── basic-auth@1.0.4
75 silly idealTree ├── body-parser@1.15.2
75 silly idealTree ├── bytes@2.4.0
75 silly idealTree ├── camelcase@1.2.1
75 silly idealTree ├── center-align@0.1.3
75 silly idealTree ├── character-parser@1.2.1
75 silly idealTree ├─┬ clean-css@3.4.20
75 silly idealTree │ └── commander@2.8.1
75 silly idealTree ├─┬ cliui@2.1.0
75 silly idealTree │ └── wordwrap@0.0.2
75 silly idealTree ├── commander@2.6.0
75 silly idealTree ├── constantinople@3.0.2
75 silly idealTree ├── content-disposition@0.5.1
75 silly idealTree ├── content-type@1.0.2
75 silly idealTree ├── cookie-parser@1.4.3
75 silly idealTree ├── cookie-signature@1.0.6
75 silly idealTree ├── cookie@0.3.1
75 silly idealTree ├── css-parse@1.0.4
75 silly idealTree ├── css-stringify@1.0.5
75 silly idealTree ├── css@1.0.8
75 silly idealTree ├── debug@2.2.0
75 silly idealTree ├── decamelize@1.2.0
75 silly idealTree ├── depd@1.1.0
75 silly idealTree ├── destroy@1.0.4
75 silly idealTree ├── doctypes@1.1.0
75 silly idealTree ├── ee-first@1.1.1
75 silly idealTree ├── encodeurl@1.0.1
75 silly idealTree ├── escape-html@1.0.3
75 silly idealTree ├── etag@1.7.0
75 silly idealTree ├── express@4.14.0
75 silly idealTree ├── finalhandler@0.5.0
75 silly idealTree ├── forwarded@0.1.0
75 silly idealTree ├── fresh@0.3.0
75 silly idealTree ├── graceful-readlink@1.0.1
75 silly idealTree ├── http-errors@1.5.0
75 silly idealTree ├── iconv-lite@0.4.13
75 silly idealTree ├── inherits@2.0.1
75 silly idealTree ├── ipaddr.js@1.1.1
75 silly idealTree ├── is-buffer@1.1.4
75 silly idealTree ├─┬ is-expression@3.0.0
75 silly idealTree │ └── acorn@4.0.3
75 silly idealTree ├── is-promise@2.1.0
75 silly idealTree ├── is-regex@1.0.3
75 silly idealTree ├── jade@1.11.0
75 silly idealTree ├── js-stringify@1.0.2
75 silly idealTree ├── jstransformer@0.0.2
75 silly idealTree ├── kind-of@3.0.4
75 silly idealTree ├── lazy-cache@1.0.4
75 silly idealTree ├── longest@1.0.1
75 silly idealTree ├── media-typer@0.3.0
75 silly idealTree ├── merge-descriptors@1.0.1
75 silly idealTree ├── methods@1.1.2
75 silly idealTree ├── mime-db@1.24.0
75 silly idealTree ├── mime-types@2.1.12
75 silly idealTree ├── mime@1.3.4
75 silly idealTree ├── minimist@0.0.8
75 silly idealTree ├── mkdirp@0.5.1
75 silly idealTree ├── morgan@1.7.0
75 silly idealTree ├── ms@0.7.1
75 silly idealTree ├── negotiator@0.6.1
75 silly idealTree ├── object-assign@4.1.0
75 silly idealTree ├── on-finished@2.3.0
75 silly idealTree ├── on-headers@1.0.1
75 silly idealTree ├── optimist@0.3.7
75 silly idealTree ├── parseurl@1.3.1
75 silly idealTree ├── path-to-regexp@0.1.7
75 silly idealTree ├── pgpromise@0.1.1
75 silly idealTree ├── postgres@0.0.1
75 silly idealTree ├── promise@6.1.0
75 silly idealTree ├── proxy-addr@1.1.2
75 silly idealTree ├── pug-attrs@2.0.1
75 silly idealTree ├─┬ pug-code-gen@1.1.0
75 silly idealTree │ ├── acorn-globals@3.0.0
75 silly idealTree │ ├── acorn@3.3.0
75 silly idealTree │ └── with@5.1.1
75 silly idealTree ├── pug-error@1.3.1
75 silly idealTree ├─┬ pug-filters@1.2.4
75 silly idealTree │ ├── asap@2.0.5
75 silly idealTree │ ├── jstransformer@1.0.0
75 silly idealTree │ └── promise@7.1.1
75 silly idealTree ├─┬ pug-lexer@2.3.0
75 silly idealTree │ └── character-parser@2.2.0
75 silly idealTree ├── pug-linker@1.0.1
75 silly idealTree ├── pug-load@2.0.3
75 silly idealTree ├── pug-parser@2.0.1
75 silly idealTree ├── pug-runtime@2.0.2
75 silly idealTree ├── pug-strip-comments@1.0.1
75 silly idealTree ├── pug-walk@1.0.0
75 silly idealTree ├── pug@2.0.0-beta6
75 silly idealTree ├── q@1.0.1
75 silly idealTree ├── qs@6.2.0
75 silly idealTree ├── range-parser@1.2.0
75 silly idealTree ├── raw-body@2.1.7
75 silly idealTree ├── repeat-string@1.6.1
75 silly idealTree ├── resolve@1.1.7
75 silly idealTree ├── right-align@0.1.3
75 silly idealTree ├── send@0.14.1
75 silly idealTree ├── serve-favicon@2.3.0
75 silly idealTree ├── serve-static@1.11.1
75 silly idealTree ├── setprototypeof@1.0.1
75 silly idealTree ├── source-map@0.4.4
75 silly idealTree ├── statuses@1.3.0
75 silly idealTree ├── token-stream@0.0.1
75 silly idealTree ├─┬ transformers@2.1.0
75 silly idealTree │ ├── is-promise@1.0.1
75 silly idealTree │ ├── promise@2.0.0
75 silly idealTree │ ├── source-map@0.1.43
75 silly idealTree │ └── uglify-js@2.2.5
75 silly idealTree ├── type-is@1.6.13
75 silly idealTree ├─┬ uglify-js@2.7.4
75 silly idealTree │ └── source-map@0.5.6
75 silly idealTree ├── uglify-to-browserify@1.0.2
75 silly idealTree ├── unpipe@1.0.0
75 silly idealTree ├── utils-merge@1.0.0
75 silly idealTree ├── vary@1.1.0
75 silly idealTree ├── void-elements@2.0.1
75 silly idealTree ├── window-size@0.1.0
75 silly idealTree ├─┬ with@4.0.3
75 silly idealTree │ └── acorn@1.2.2
75 silly idealTree ├── wordwrap@0.0.3
75 silly idealTree └── yargs@3.10.0
76 silly generateActionsToTake Starting
77 silly install generateActionsToTake
78 silly generateActionsToTake Finishing
79 silly diffTrees action count 1
80 silly diffTrees add postgres@0.0.1
81 silly decomposeActions action count 8
82 silly decomposeActions fetch postgres@0.0.1
83 silly decomposeActions extract postgres@0.0.1
84 silly decomposeActions test postgres@0.0.1
85 silly decomposeActions preinstall postgres@0.0.1
86 silly decomposeActions build postgres@0.0.1
87 silly decomposeActions install postgres@0.0.1
88 silly decomposeActions postinstall postgres@0.0.1
89 silly decomposeActions finalize postgres@0.0.1
90 silly executeActions Starting
91 silly install executeActions
92 silly doSerial global-install 0
93 silly doParallel fetch 1
94 verbose correctMkdir /Users/ThisGuy/.npm/_locks correctMkdir not in flight; initializing
95 verbose lock using /Users/ThisGuy/.npm/_locks/staging-465257c0df800be6.lock for /Users/ThisGuy/Desktop/LG/BooksNGiggles/node_modules/.staging
96 silly doParallel extract 1
97 silly extract postgres@0.0.1
98 verbose unbuild node_modules/.staging/postgres-2e6af696
99 silly gentlyRm /Users/ThisGuy/Desktop/LG/BooksNGiggles/node_modules/.staging/postgres-2e6af696 is being purged from base /Users/ThisGuy/Desktop/LG/BooksNGiggles
100 verbose gentlyRm don't care about contents; nuking /Users/ThisGuy/Desktop/LG/BooksNGiggles/node_modules/.staging/postgres-2e6af696
101 verbose tar unpack /Users/ThisGuy/.npm/postgres/0.0.1/package.tgz
102 verbose tar unpacking to /Users/ThisGuy/Desktop/LG/BooksNGiggles/node_modules/.staging/postgres-2e6af696
103 silly gentlyRm /Users/ThisGuy/Desktop/LG/BooksNGiggles/node_modules/.staging/postgres-2e6af696 is being purged
104 verbose gentlyRm don't care about contents; nuking /Users/ThisGuy/Desktop/LG/BooksNGiggles/node_modules/.staging/postgres-2e6af696
105 silly gunzTarPerm modes [ '755', '644' ]
106 silly gunzTarPerm extractEntry
107 silly gunzTarPerm extractEntry .gitignore
108 silly gunzTarPerm extractEntry ._.npmignore
109 silly gunzTarPerm extractEntry .npmignore
110 silly gunzTarPerm extractEntry binding.cc
111 silly gunzTarPerm extractEntry LICENSE-MIT
112 silly gunzTarPerm extractEntry ._package.json
113 silly gunzTarPerm extractEntry package.json
114 silly gunzTarPerm extractEntry postgres.js
115 silly gunzTarPerm extractEntry README
116 silly gunzTarPerm extractEntry test.js
117 silly gunzTarPerm extractEntry type-oids.h
118 silly gunzTarPerm extractEntry wscript
119 silly gentlyRm /Users/ThisGuy/Desktop/LG/BooksNGiggles/node_modules/.staging/postgres-2e6af696/node_modules is being purged
120 verbose gentlyRm don't care about contents; nuking /Users/ThisGuy/Desktop/LG/BooksNGiggles/node_modules/.staging/postgres-2e6af696/node_modules
121 silly doParallel preinstall 1
122 silly preinstall postgres@0.0.1 /Users/ThisGuy/Desktop/LG/BooksNGiggles/node_modules/.staging/postgres-2e6af696
123 info lifecycle postgres@0.0.1~preinstall: postgres@0.0.1
124 silly lifecycle postgres@0.0.1~preinstall: no script for preinstall, continuing
125 silly doReverseSerial remove 0
126 silly doSerial move 0
127 silly doSerial finalize 1
128 silly finalize /Users/ThisGuy/Desktop/LG/BooksNGiggles/node_modules/postgres
129 silly doSerial build 1
130 silly build postgres@0.0.1
131 info linkStuff postgres@0.0.1
132 silly linkStuff postgres@0.0.1 has /Users/ThisGuy/Desktop/LG/BooksNGiggles/node_modules as its parent node_modules
133 verbose linkBins postgres@0.0.1
134 verbose linkMans postgres@0.0.1
135 silly doSerial global-link 0
136 silly doParallel update-linked 0
137 silly doSerial install 1
138 silly install postgres@0.0.1 /Users/ThisGuy/Desktop/LG/BooksNGiggles/node_modules/.staging/postgres-2e6af696
139 info lifecycle postgres@0.0.1~install: postgres@0.0.1
140 verbose lifecycle postgres@0.0.1~install: unsafe-perm in lifecycle true
141 verbose lifecycle postgres@0.0.1~install: PATH: /Users/ThisGuy/.nvm/versions/node/v6.3.1/lib/node_modules/npm/bin/node-gyp-bin:/Users/ThisGuy/Desktop/LG/BooksNGiggles/node_modules/postgres/node_modules/.bin:/Users/ThisGuy/Desktop/LG/BooksNGiggles/node_modules/.bin:/Users/ThisGuy/.nvm/versions/node/v6.3.1/bin:/Users/ThisGuy/.nvm/versions/node/v6.3.1/bin:/usr/local/bin:/usr/bin:/bin:/usr/sbin:/sbin
142 verbose lifecycle postgres@0.0.1~install: CWD: /Users/ThisGuy/Desktop/LG/BooksNGiggles/node_modules/postgres
143 silly lifecycle postgres@0.0.1~install: Args: [ '-c', 'node-waf configure build' ]
144 info lifecycle postgres@0.0.1~install: Failed to exec install script
145 verbose unlock done using /Users/ThisGuy/.npm/_locks/staging-465257c0df800be6.lock for /Users/ThisGuy/Desktop/LG/BooksNGiggles/node_modules/.staging
146 silly rollbackFailedOptional Starting
147 silly rollbackFailedOptional Finishing
148 silly runTopLevelLifecycles Starting
149 silly runTopLevelLifecycles Finishing
150 silly install printInstalled
151 verbose stack Error: postgres@0.0.1 install: `node-waf configure build`
151 verbose stack spawn ENOENT
151 verbose stack     at ChildProcess.<anonymous> (/Users/ThisGuy/.nvm/versions/node/v6.3.1/lib/node_modules/npm/lib/utils/spawn.js:33:16)
151 verbose stack     at emitTwo (events.js:106:13)
151 verbose stack     at ChildProcess.emit (events.js:191:7)
151 verbose stack     at maybeClose (internal/child_process.js:852:16)
151 verbose stack     at Process.ChildProcess._handle.onexit (internal/child_process.js:215:5)
152 verbose pkgid postgres@0.0.1
153 verbose cwd /Users/ThisGuy/Desktop/LG/BooksNGiggles
154 error Darwin 16.0.0
155 error argv "/Users/ThisGuy/.nvm/versions/node/v6.3.1/bin/node" "/Users/ThisGuy/.nvm/versions/node/v6.3.1/bin/npm" "i" "postgres"
156 error node v6.3.1
157 error npm  v3.10.3
158 error file sh
159 error code ELIFECYCLE
160 error errno ENOENT
161 error syscall spawn
162 error postgres@0.0.1 install: `node-waf configure build`
162 error spawn ENOENT
163 error Failed at the postgres@0.0.1 install script 'node-waf configure build'.
163 error Make sure you have the latest version of node.js and npm installed.
163 error If you do, this is most likely a problem with the postgres package,
163 error not with npm itself.
163 error Tell the author that this fails on your system:
163 error     node-waf configure build
163 error You can get information on how to open an issue for this project with:
163 error     npm bugs postgres
163 error Or if that isn't available, you can get their info via:
163 error     npm owner ls postgres
163 error There is likely additional logging output above.
164 verbose exit [ 1, true ]
